Base path: C:/Program Files/Unity/Editor/Data
Cmd: getPlatforms
<<<<<<< HEAD
<<<<<<< HEAD
<<<<<<< HEAD
<<<<<<< HEAD
Cmd: compileSnippet
  api=4 type=0 insize=18516 outsize=1126 kw=SHADOWS_SPLIT_SPHERES SHADOWS_SINGLE_CASCADE pd=UNITY_NO_SCREENSPACE_SHADOWS UNITY_ENABLE_REFLECTION_BUFFERS UNITY_PBS_USE_BRDF2 SHADER_API_DESKTOP UNITY_HARDWARE_TIER3 UNITY_COLORSPACE_GAMMA ok=1
Cmd: compileSnippet
  api=4 type=1 insize=18516 outsize=1426 kw=SHADOWS_SPLIT_SPHERES SHADOWS_SINGLE_CASCADE pd=UNITY_NO_SCREENSPACE_SHADOWS UNITY_ENABLE_REFLECTION_BUFFERS UNITY_PBS_USE_BRDF2 SHADER_API_DESKTOP UNITY_HARDWARE_TIER3 UNITY_COLORSPACE_GAMMA ok=1
=======
=======
>>>>>>> parent of 38209561... Signovoca A-L(done)
Cmd: preprocess
  insize=665 outsize=665 ok=1
Cmd: preprocess
  insize=808 outsize=808 ok=1
Cmd: preprocess
  insize=2221 outsize=1077 ok=1
Cmd: preprocess
  insize=3433 outsize=2547 ok=1
Cmd: preprocess
  insize=9844 outsize=3827 ok=1
Cmd: preprocess
  insize=521 outsize=521 ok=1
Cmd: preprocess
  insize=892 outsize=227 ok=1
Cmd: preprocess
  insize=4252 outsize=3549 ok=1
Cmd: preprocess
  insize=6903 outsize=2360 ok=1
Cmd: preprocess
  insize=7613 outsize=2629 ok=1
Cmd: preprocess
  insize=672 outsize=672 ok=1
Cmd: preprocess
  insize=890 outsize=890 ok=1
Cmd: preprocess
  insize=6937 outsize=2372 ok=1
Cmd: preprocess
  insize=3271 outsize=1607 ok=1
Cmd: preprocess
  insize=9853 outsize=3838 ok=1
Cmd: preprocess
  insize=3357 outsize=1244 ok=1
Cmd: preprocess
  insize=773 outsize=773 ok=1
<<<<<<< HEAD
>>>>>>> parent of 38209561... Signovoca A-L(done)
=======
>>>>>>> parent of 4ce9ad57... Sounds(Done)
=======
>>>>>>> parent of 38209561... Signovoca A-L(done)
=======
>>>>>>> parent of 4453e779... Medyo may error
